State 32 conflicts: 1 shift/reduce
State 132 conflicts: 1 shift/reduce


Grammar

    0 $accept: Program $end

    1 Program: ExtDefList

    2 ExtDefList: ExtDef ExtDefList
    3           | %empty

    4 ExtDef: Specifier ExtDecList SEMI
    5       | Specifier SEMI
    6       | Specifier FunDec CompSt
    7       | Specifier FunDec SEMI

    8 ExtDecList: VarDec
    9           | VarDec COMMA ExtDecList

   10 Specifier: TYPE
   11          | StructSpecifier

   12 StructSpecifier: STRUCT OptTag LC DefList RC
   13                | STRUCT Tag

   14 OptTag: %empty
   15       | ID

   16 Tag: ID

   17 VarDec: ID
   18       | VarDec LB INT RB

   19 FunDec: ID LP VarList RP
   20       | ID LP RP

   21 VarList: ParamDec COMMA VarList
   22        | ParamDec

   23 ParamDec: Specifier VarDec

   24 CompSt: LC DefList StmtList RC

   25 StmtList: Stmt StmtList
   26         | %empty

   27 Stmt: Exp SEMI
   28     | CompSt
   29     | RETURN Exp SEMI
   30     | IF LP Exp RP Stmt
   31     | IF LP Exp RP Stmt ELSE Stmt
   32     | WHILE LP Exp RP Stmt

   33 DefList: Def DefList
   34        | %empty

   35 Def: Specifier DecList SEMI

   36 DecList: Dec
   37        | Dec COMMA DecList

   38 Dec: VarDec
   39    | VarDec ASSIGNOP Exp

   40 Exp: Exp ASSIGNOP Exp
   41    | Exp AND Exp
   42    | Exp OR Exp
   43    | Exp RELOP Exp
   44    | Exp PLUS Exp
   45    | Exp MINUS Exp
   46    | Exp STAR Exp
   47    | Exp DIV Exp
   48    | LP Exp RP
   49    | MINUS Exp
   50    | NOT Exp
   51    | ID LP Args RP
   52    | ID LP RP
   53    | Exp LB Exp RB
   54    | Exp DOT ID
   55    | ID
   56    | INT
   57    | FLOAT

   58 Args: Exp COMMA Args
   59     | Exp

   60 ExtDef: Specifier error SEMI
   61       | error ExtDecList SEMI

   62 StructSpecifier: STRUCT OptTag LC error RC
   63                | STRUCT error LC error RC

   64 FunDec: ID LP error RP

   65 CompSt: LC error RC

   66 Stmt: error SEMI
   67     | RETURN error SEMI
   68     | IF LP error RP Stmt
   69     | IF LP error RP error ELSE Stmt
   70     | WHILE LP error RP Stmt


Terminals, with rules where they appear

$end (0) 0
error (256) 60 61 62 63 64 65 66 67 68 69 70
SEMI (258) 4 5 7 27 29 35 60 61 66 67
COMMA (259) 9 21 37 58
ASSIGNOP (260) 39 40
RELOP (261) 43
PLUS (262) 44
MINUS (263) 45 49
STAR (264) 46
DIV (265) 47
AND (266) 41
OR (267) 42
DOT (268) 54
NOT (269) 50
TYPE (270) 10
LP (271) 19 20 30 31 32 48 51 52 64 68 69 70
RP (272) 19 20 30 31 32 48 51 52 64 68 69 70
LB (273) 18 53
RB (274) 18 53
LC (275) 12 24 62 63 65
RC (276) 12 24 62 63 65
STRUCT (277) 12 13 62 63
RETURN (278) 29 67
IF (279) 30 31 68 69
ELSE (280) 31 69
WHILE (281) 32 70
ID (282) 15 16 17 19 20 51 52 54 55 64
INT (283) 18 56
FLOAT (284) 57


Nonterminals, with rules where they appear

$accept (30)
    on left: 0
Program (31)
    on left: 1, on right: 0
ExtDefList (32)
    on left: 2 3, on right: 1 2
ExtDef (33)
    on left: 4 5 6 7 60 61, on right: 2
ExtDecList (34)
    on left: 8 9, on right: 4 9 61
Specifier (35)
    on left: 10 11, on right: 4 5 6 7 23 35 60
StructSpecifier (36)
    on left: 12 13 62 63, on right: 11
OptTag (37)
    on left: 14 15, on right: 12 62
Tag (38)
    on left: 16, on right: 13
VarDec (39)
    on left: 17 18, on right: 8 9 18 23 38 39
FunDec (40)
    on left: 19 20 64, on right: 6 7
VarList (41)
    on left: 21 22, on right: 19 21
ParamDec (42)
    on left: 23, on right: 21 22
CompSt (43)
    on left: 24 65, on right: 6 28
StmtList (44)
    on left: 25 26, on right: 24 25
Stmt (45)
    on left: 27 28 29 30 31 32 66 67 68 69 70, on right: 25 30 31 32
    68 69 70
DefList (46)
    on left: 33 34, on right: 12 24 33
Def (47)
    on left: 35, on right: 33
DecList (48)
    on left: 36 37, on right: 35 37
Dec (49)
    on left: 38 39, on right: 36 37
Exp (50)
    on left: 40 41 42 43 44 45 46 47 48 49 50 51 52 53 54 55 56 57,
    on right: 27 29 30 31 32 39 40 41 42 43 44 45 46 47 48 49 50 53
    54 58 59
Args (51)
    on left: 58 59, on right: 51 58


State 0

    0 $accept: . Program $end

    error   shift, and go to state 1
    TYPE    shift, and go to state 2
    STRUCT  shift, and go to state 3

    $end  reduce using rule 3 (ExtDefList)

    Program          go to state 4
    ExtDefList       go to state 5
    ExtDef           go to state 6
    Specifier        go to state 7
    StructSpecifier  go to state 8


State 1

   61 ExtDef: error . ExtDecList SEMI

    ID  shift, and go to state 9

    ExtDecList  go to state 10
    VarDec      go to state 11


State 2

   10 Specifier: TYPE .

    $default  reduce using rule 10 (Specifier)


State 3

   12 StructSpecifier: STRUCT . OptTag LC DefList RC
   13                | STRUCT . Tag
   62                | STRUCT . OptTag LC error RC
   63                | STRUCT . error LC error RC

    error  shift, and go to state 12
    ID     shift, and go to state 13

    LC  reduce using rule 14 (OptTag)

    OptTag  go to state 14
    Tag     go to state 15


State 4

    0 $accept: Program . $end

    $end  shift, and go to state 16


State 5

    1 Program: ExtDefList .

    $default  reduce using rule 1 (Program)


State 6

    2 ExtDefList: ExtDef . ExtDefList

    error   shift, and go to state 1
    TYPE    shift, and go to state 2
    STRUCT  shift, and go to state 3

    $end  reduce using rule 3 (ExtDefList)

    ExtDefList       go to state 17
    ExtDef           go to state 6
    Specifier        go to state 7
    StructSpecifier  go to state 8


State 7

    4 ExtDef: Specifier . ExtDecList SEMI
    5       | Specifier . SEMI
    6       | Specifier . FunDec CompSt
    7       | Specifier . FunDec SEMI
   60       | Specifier . error SEMI

    error  shift, and go to state 18
    SEMI   shift, and go to state 19
    ID     shift, and go to state 20

    ExtDecList  go to state 21
    VarDec      go to state 11
    FunDec      go to state 22


State 8

   11 Specifier: StructSpecifier .

    $default  reduce using rule 11 (Specifier)


State 9

   17 VarDec: ID .

    $default  reduce using rule 17 (VarDec)


State 10

   61 ExtDef: error ExtDecList . SEMI

    SEMI  shift, and go to state 23


State 11

    8 ExtDecList: VarDec .
    9           | VarDec . COMMA ExtDecList
   18 VarDec: VarDec . LB INT RB

    COMMA  shift, and go to state 24
    LB     shift, and go to state 25

    $default  reduce using rule 8 (ExtDecList)


State 12

   63 StructSpecifier: STRUCT error . LC error RC

    LC  shift, and go to state 26


State 13

   15 OptTag: ID .
   16 Tag: ID .

    LC        reduce using rule 15 (OptTag)
    $default  reduce using rule 16 (Tag)


State 14

   12 StructSpecifier: STRUCT OptTag . LC DefList RC
   62                | STRUCT OptTag . LC error RC

    LC  shift, and go to state 27


State 15

   13 StructSpecifier: STRUCT Tag .

    $default  reduce using rule 13 (StructSpecifier)


State 16

    0 $accept: Program $end .

    $default  accept


State 17

    2 ExtDefList: ExtDef ExtDefList .

    $default  reduce using rule 2 (ExtDefList)


State 18

   60 ExtDef: Specifier error . SEMI

    SEMI  shift, and go to state 28


State 19

    5 ExtDef: Specifier SEMI .

    $default  reduce using rule 5 (ExtDef)


State 20

   17 VarDec: ID .
   19 FunDec: ID . LP VarList RP
   20       | ID . LP RP
   64       | ID . LP error RP

    LP  shift, and go to state 29

    $default  reduce using rule 17 (VarDec)


State 21

    4 ExtDef: Specifier ExtDecList . SEMI

    SEMI  shift, and go to state 30


State 22

    6 ExtDef: Specifier FunDec . CompSt
    7       | Specifier FunDec . SEMI

    SEMI  shift, and go to state 31
    LC    shift, and go to state 32

    CompSt  go to state 33


State 23

   61 ExtDef: error ExtDecList SEMI .

    $default  reduce using rule 61 (ExtDef)


State 24

    9 ExtDecList: VarDec COMMA . ExtDecList

    ID  shift, and go to state 9

    ExtDecList  go to state 34
    VarDec      go to state 11


State 25

   18 VarDec: VarDec LB . INT RB

    INT  shift, and go to state 35


State 26

   63 StructSpecifier: STRUCT error LC . error RC

    error  shift, and go to state 36


State 27

   12 StructSpecifier: STRUCT OptTag LC . DefList RC
   62                | STRUCT OptTag LC . error RC

    error   shift, and go to state 37
    TYPE    shift, and go to state 2
    STRUCT  shift, and go to state 3

    RC  reduce using rule 34 (DefList)

    Specifier        go to state 38
    StructSpecifier  go to state 8
    DefList          go to state 39
    Def              go to state 40


State 28

   60 ExtDef: Specifier error SEMI .

    $default  reduce using rule 60 (ExtDef)


State 29

   19 FunDec: ID LP . VarList RP
   20       | ID LP . RP
   64       | ID LP . error RP

    error   shift, and go to state 41
    TYPE    shift, and go to state 2
    RP      shift, and go to state 42
    STRUCT  shift, and go to state 3

    Specifier        go to state 43
    StructSpecifier  go to state 8
    VarList          go to state 44
    ParamDec         go to state 45


State 30

    4 ExtDef: Specifier ExtDecList SEMI .

    $default  reduce using rule 4 (ExtDef)


State 31

    7 ExtDef: Specifier FunDec SEMI .

    $default  reduce using rule 7 (ExtDef)


State 32

   24 CompSt: LC . DefList StmtList RC
   65       | LC . error RC

    error   shift, and go to state 46
    TYPE    shift, and go to state 2
    STRUCT  shift, and go to state 3

    error   [reduce using rule 34 (DefList)]
    MINUS   reduce using rule 34 (DefList)
    NOT     reduce using rule 34 (DefList)
    LP      reduce using rule 34 (DefList)
    LC      reduce using rule 34 (DefList)
    RC      reduce using rule 34 (DefList)
    RETURN  reduce using rule 34 (DefList)
    IF      reduce using rule 34 (DefList)
    WHILE   reduce using rule 34 (DefList)
    ID      reduce using rule 34 (DefList)
    INT     reduce using rule 34 (DefList)
    FLOAT   reduce using rule 34 (DefList)

    Specifier        go to state 38
    StructSpecifier  go to state 8
    DefList          go to state 47
    Def              go to state 40


State 33

    6 ExtDef: Specifier FunDec CompSt .

    $default  reduce using rule 6 (ExtDef)


State 34

    9 ExtDecList: VarDec COMMA ExtDecList .

    $default  reduce using rule 9 (ExtDecList)


State 35

   18 VarDec: VarDec LB INT . RB

    RB  shift, and go to state 48


State 36

   63 StructSpecifier: STRUCT error LC error . RC

    RC  shift, and go to state 49


State 37

   62 StructSpecifier: STRUCT OptTag LC error . RC

    RC  shift, and go to state 50


State 38

   35 Def: Specifier . DecList SEMI

    ID  shift, and go to state 9

    VarDec   go to state 51
    DecList  go to state 52
    Dec      go to state 53


State 39

   12 StructSpecifier: STRUCT OptTag LC DefList . RC

    RC  shift, and go to state 54


State 40

   33 DefList: Def . DefList

    TYPE    shift, and go to state 2
    STRUCT  shift, and go to state 3

    $default  reduce using rule 34 (DefList)

    Specifier        go to state 38
    StructSpecifier  go to state 8
    DefList          go to state 55
    Def              go to state 40


State 41

   64 FunDec: ID LP error . RP

    RP  shift, and go to state 56


State 42

   20 FunDec: ID LP RP .

    $default  reduce using rule 20 (FunDec)


State 43

   23 ParamDec: Specifier . VarDec

    ID  shift, and go to state 9

    VarDec  go to state 57


State 44

   19 FunDec: ID LP VarList . RP

    RP  shift, and go to state 58


State 45

   21 VarList: ParamDec . COMMA VarList
   22        | ParamDec .

    COMMA  shift, and go to state 59

    $default  reduce using rule 22 (VarList)


State 46

   65 CompSt: LC error . RC

    RC  shift, and go to state 60


State 47

   24 CompSt: LC DefList . StmtList RC

    error   shift, and go to state 61
    MINUS   shift, and go to state 62
    NOT     shift, and go to state 63
    LP      shift, and go to state 64
    LC      shift, and go to state 32
    RETURN  shift, and go to state 65
    IF      shift, and go to state 66
    WHILE   shift, and go to state 67
    ID      shift, and go to state 68
    INT     shift, and go to state 69
    FLOAT   shift, and go to state 70

    RC  reduce using rule 26 (StmtList)

    CompSt    go to state 71
    StmtList  go to state 72
    Stmt      go to state 73
    Exp       go to state 74


State 48

   18 VarDec: VarDec LB INT RB .

    $default  reduce using rule 18 (VarDec)


State 49

   63 StructSpecifier: STRUCT error LC error RC .

    $default  reduce using rule 63 (StructSpecifier)


State 50

   62 StructSpecifier: STRUCT OptTag LC error RC .

    $default  reduce using rule 62 (StructSpecifier)


State 51

   18 VarDec: VarDec . LB INT RB
   38 Dec: VarDec .
   39    | VarDec . ASSIGNOP Exp

    ASSIGNOP  shift, and go to state 75
    LB        shift, and go to state 25

    $default  reduce using rule 38 (Dec)


State 52

   35 Def: Specifier DecList . SEMI

    SEMI  shift, and go to state 76


State 53

   36 DecList: Dec .
   37        | Dec . COMMA DecList

    COMMA  shift, and go to state 77

    $default  reduce using rule 36 (DecList)


State 54

   12 StructSpecifier: STRUCT OptTag LC DefList RC .

    $default  reduce using rule 12 (StructSpecifier)


State 55

   33 DefList: Def DefList .

    $default  reduce using rule 33 (DefList)


State 56

   64 FunDec: ID LP error RP .

    $default  reduce using rule 64 (FunDec)


State 57

   18 VarDec: VarDec . LB INT RB
   23 ParamDec: Specifier VarDec .

    LB  shift, and go to state 25

    $default  reduce using rule 23 (ParamDec)


State 58

   19 FunDec: ID LP VarList RP .

    $default  reduce using rule 19 (FunDec)


State 59

   21 VarList: ParamDec COMMA . VarList

    TYPE    shift, and go to state 2
    STRUCT  shift, and go to state 3

    Specifier        go to state 43
    StructSpecifier  go to state 8
    VarList          go to state 78
    ParamDec         go to state 45


State 60

   65 CompSt: LC error RC .

    $default  reduce using rule 65 (CompSt)


State 61

   66 Stmt: error . SEMI

    SEMI  shift, and go to state 79


State 62

   49 Exp: MINUS . Exp

    MINUS  shift, and go to state 62
    NOT    shift, and go to state 63
    LP     shift, and go to state 64
    ID     shift, and go to state 68
    INT    shift, and go to state 69
    FLOAT  shift, and go to state 70

    Exp  go to state 80


State 63

   50 Exp: NOT . Exp

    MINUS  shift, and go to state 62
    NOT    shift, and go to state 63
    LP     shift, and go to state 64
    ID     shift, and go to state 68
    INT    shift, and go to state 69
    FLOAT  shift, and go to state 70

    Exp  go to state 81


State 64

   48 Exp: LP . Exp RP

    MINUS  shift, and go to state 62
    NOT    shift, and go to state 63
    LP     shift, and go to state 64
    ID     shift, and go to state 68
    INT    shift, and go to state 69
    FLOAT  shift, and go to state 70

    Exp  go to state 82


State 65

   29 Stmt: RETURN . Exp SEMI
   67     | RETURN . error SEMI

    error  shift, and go to state 83
    MINUS  shift, and go to state 62
    NOT    shift, and go to state 63
    LP     shift, and go to state 64
    ID     shift, and go to state 68
    INT    shift, and go to state 69
    FLOAT  shift, and go to state 70

    Exp  go to state 84


State 66

   30 Stmt: IF . LP Exp RP Stmt
   31     | IF . LP Exp RP Stmt ELSE Stmt
   68     | IF . LP error RP Stmt
   69     | IF . LP error RP error ELSE Stmt

    LP  shift, and go to state 85


State 67

   32 Stmt: WHILE . LP Exp RP Stmt
   70     | WHILE . LP error RP Stmt

    LP  shift, and go to state 86


State 68

   51 Exp: ID . LP Args RP
   52    | ID . LP RP
   55    | ID .

    LP  shift, and go to state 87

    $default  reduce using rule 55 (Exp)


State 69

   56 Exp: INT .

    $default  reduce using rule 56 (Exp)


State 70

   57 Exp: FLOAT .

    $default  reduce using rule 57 (Exp)


State 71

   28 Stmt: CompSt .

    $default  reduce using rule 28 (Stmt)


State 72

   24 CompSt: LC DefList StmtList . RC

    RC  shift, and go to state 88


State 73

   25 StmtList: Stmt . StmtList

    error   shift, and go to state 61
    MINUS   shift, and go to state 62
    NOT     shift, and go to state 63
    LP      shift, and go to state 64
    LC      shift, and go to state 32
    RETURN  shift, and go to state 65
    IF      shift, and go to state 66
    WHILE   shift, and go to state 67
    ID      shift, and go to state 68
    INT     shift, and go to state 69
    FLOAT   shift, and go to state 70

    RC  reduce using rule 26 (StmtList)

    CompSt    go to state 71
    StmtList  go to state 89
    Stmt      go to state 73
    Exp       go to state 74


State 74

   27 Stmt: Exp . SEMI
   40 Exp: Exp . ASSIGNOP Exp
   41    | Exp . AND Exp
   42    | Exp . OR Exp
   43    | Exp . RELOP Exp
   44    | Exp . PLUS Exp
   45    | Exp . MINUS Exp
   46    | Exp . STAR Exp
   47    | Exp . DIV Exp
   53    | Exp . LB Exp RB
   54    | Exp . DOT ID

    SEMI      shift, and go to state 90
    ASSIGNOP  shift, and go to state 91
    RELOP     shift, and go to state 92
    PLUS      shift, and go to state 93
    MINUS     shift, and go to state 94
    STAR      shift, and go to state 95
    DIV       shift, and go to state 96
    AND       shift, and go to state 97
    OR        shift, and go to state 98
    DOT       shift, and go to state 99
    LB        shift, and go to state 100


State 75

   39 Dec: VarDec ASSIGNOP . Exp

    MINUS  shift, and go to state 62
    NOT    shift, and go to state 63
    LP     shift, and go to state 64
    ID     shift, and go to state 68
    INT    shift, and go to state 69
    FLOAT  shift, and go to state 70

    Exp  go to state 101


State 76

   35 Def: Specifier DecList SEMI .

    $default  reduce using rule 35 (Def)


State 77

   37 DecList: Dec COMMA . DecList

    ID  shift, and go to state 9

    VarDec   go to state 51
    DecList  go to state 102
    Dec      go to state 53


State 78

   21 VarList: ParamDec COMMA VarList .

    $default  reduce using rule 21 (VarList)


State 79

   66 Stmt: error SEMI .

    $default  reduce using rule 66 (Stmt)


State 80

   40 Exp: Exp . ASSIGNOP Exp
   41    | Exp . AND Exp
   42    | Exp . OR Exp
   43    | Exp . RELOP Exp
   44    | Exp . PLUS Exp
   45    | Exp . MINUS Exp
   46    | Exp . STAR Exp
   47    | Exp . DIV Exp
   49    | MINUS Exp .
   53    | Exp . LB Exp RB
   54    | Exp . DOT ID

    STAR  shift, and go to state 95
    DIV   shift, and go to state 96
    DOT   shift, and go to state 99
    LB    shift, and go to state 100

    $default  reduce using rule 49 (Exp)


State 81

   40 Exp: Exp . ASSIGNOP Exp
   41    | Exp . AND Exp
   42    | Exp . OR Exp
   43    | Exp . RELOP Exp
   44    | Exp . PLUS Exp
   45    | Exp . MINUS Exp
   46    | Exp . STAR Exp
   47    | Exp . DIV Exp
   50    | NOT Exp .
   53    | Exp . LB Exp RB
   54    | Exp . DOT ID

    DOT  shift, and go to state 99
    LB   shift, and go to state 100

    $default  reduce using rule 50 (Exp)


State 82

   40 Exp: Exp . ASSIGNOP Exp
   41    | Exp . AND Exp
   42    | Exp . OR Exp
   43    | Exp . RELOP Exp
   44    | Exp . PLUS Exp
   45    | Exp . MINUS Exp
   46    | Exp . STAR Exp
   47    | Exp . DIV Exp
   48    | LP Exp . RP
   53    | Exp . LB Exp RB
   54    | Exp . DOT ID

    ASSIGNOP  shift, and go to state 91
    RELOP     shift, and go to state 92
    PLUS      shift, and go to state 93
    MINUS     shift, and go to state 94
    STAR      shift, and go to state 95
    DIV       shift, and go to state 96
    AND       shift, and go to state 97
    OR        shift, and go to state 98
    DOT       shift, and go to state 99
    RP        shift, and go to state 103
    LB        shift, and go to state 100


State 83

   67 Stmt: RETURN error . SEMI

    SEMI  shift, and go to state 104


State 84

   29 Stmt: RETURN Exp . SEMI
   40 Exp: Exp . ASSIGNOP Exp
   41    | Exp . AND Exp
   42    | Exp . OR Exp
   43    | Exp . RELOP Exp
   44    | Exp . PLUS Exp
   45    | Exp . MINUS Exp
   46    | Exp . STAR Exp
   47    | Exp . DIV Exp
   53    | Exp . LB Exp RB
   54    | Exp . DOT ID

    SEMI      shift, and go to state 105
    ASSIGNOP  shift, and go to state 91
    RELOP     shift, and go to state 92
    PLUS      shift, and go to state 93
    MINUS     shift, and go to state 94
    STAR      shift, and go to state 95
    DIV       shift, and go to state 96
    AND       shift, and go to state 97
    OR        shift, and go to state 98
    DOT       shift, and go to state 99
    LB        shift, and go to state 100


State 85

   30 Stmt: IF LP . Exp RP Stmt
   31     | IF LP . Exp RP Stmt ELSE Stmt
   68     | IF LP . error RP Stmt
   69     | IF LP . error RP error ELSE Stmt

    error  shift, and go to state 106
    MINUS  shift, and go to state 62
    NOT    shift, and go to state 63
    LP     shift, and go to state 64
    ID     shift, and go to state 68
    INT    shift, and go to state 69
    FLOAT  shift, and go to state 70

    Exp  go to state 107


State 86

   32 Stmt: WHILE LP . Exp RP Stmt
   70     | WHILE LP . error RP Stmt

    error  shift, and go to state 108
    MINUS  shift, and go to state 62
    NOT    shift, and go to state 63
    LP     shift, and go to state 64
    ID     shift, and go to state 68
    INT    shift, and go to state 69
    FLOAT  shift, and go to state 70

    Exp  go to state 109


State 87

   51 Exp: ID LP . Args RP
   52    | ID LP . RP

    MINUS  shift, and go to state 62
    NOT    shift, and go to state 63
    LP     shift, and go to state 64
    RP     shift, and go to state 110
    ID     shift, and go to state 68
    INT    shift, and go to state 69
    FLOAT  shift, and go to state 70

    Exp   go to state 111
    Args  go to state 112


State 88

   24 CompSt: LC DefList StmtList RC .

    $default  reduce using rule 24 (CompSt)


State 89

   25 StmtList: Stmt StmtList .

    $default  reduce using rule 25 (StmtList)


State 90

   27 Stmt: Exp SEMI .

    $default  reduce using rule 27 (Stmt)


State 91

   40 Exp: Exp ASSIGNOP . Exp

    MINUS  shift, and go to state 62
    NOT    shift, and go to state 63
    LP     shift, and go to state 64
    ID     shift, and go to state 68
    INT    shift, and go to state 69
    FLOAT  shift, and go to state 70

    Exp  go to state 113


State 92

   43 Exp: Exp RELOP . Exp

    MINUS  shift, and go to state 62
    NOT    shift, and go to state 63
    LP     shift, and go to state 64
    ID     shift, and go to state 68
    INT    shift, and go to state 69
    FLOAT  shift, and go to state 70

    Exp  go to state 114


State 93

   44 Exp: Exp PLUS . Exp

    MINUS  shift, and go to state 62
    NOT    shift, and go to state 63
    LP     shift, and go to state 64
    ID     shift, and go to state 68
    INT    shift, and go to state 69
    FLOAT  shift, and go to state 70

    Exp  go to state 115


State 94

   45 Exp: Exp MINUS . Exp

    MINUS  shift, and go to state 62
    NOT    shift, and go to state 63
    LP     shift, and go to state 64
    ID     shift, and go to state 68
    INT    shift, and go to state 69
    FLOAT  shift, and go to state 70

    Exp  go to state 116


State 95

   46 Exp: Exp STAR . Exp

    MINUS  shift, and go to state 62
    NOT    shift, and go to state 63
    LP     shift, and go to state 64
    ID     shift, and go to state 68
    INT    shift, and go to state 69
    FLOAT  shift, and go to state 70

    Exp  go to state 117


State 96

   47 Exp: Exp DIV . Exp

    MINUS  shift, and go to state 62
    NOT    shift, and go to state 63
    LP     shift, and go to state 64
    ID     shift, and go to state 68
    INT    shift, and go to state 69
    FLOAT  shift, and go to state 70

    Exp  go to state 118


State 97

   41 Exp: Exp AND . Exp

    MINUS  shift, and go to state 62
    NOT    shift, and go to state 63
    LP     shift, and go to state 64
    ID     shift, and go to state 68
    INT    shift, and go to state 69
    FLOAT  shift, and go to state 70

    Exp  go to state 119


State 98

   42 Exp: Exp OR . Exp

    MINUS  shift, and go to state 62
    NOT    shift, and go to state 63
    LP     shift, and go to state 64
    ID     shift, and go to state 68
    INT    shift, and go to state 69
    FLOAT  shift, and go to state 70

    Exp  go to state 120


State 99

   54 Exp: Exp DOT . ID

    ID  shift, and go to state 121


State 100

   53 Exp: Exp LB . Exp RB

    MINUS  shift, and go to state 62
    NOT    shift, and go to state 63
    LP     shift, and go to state 64
    ID     shift, and go to state 68
    INT    shift, and go to state 69
    FLOAT  shift, and go to state 70

    Exp  go to state 122


State 101

   39 Dec: VarDec ASSIGNOP Exp .
   40 Exp: Exp . ASSIGNOP Exp
   41    | Exp . AND Exp
   42    | Exp . OR Exp
   43    | Exp . RELOP Exp
   44    | Exp . PLUS Exp
   45    | Exp . MINUS Exp
   46    | Exp . STAR Exp
   47    | Exp . DIV Exp
   53    | Exp . LB Exp RB
   54    | Exp . DOT ID

    ASSIGNOP  shift, and go to state 91
    RELOP     shift, and go to state 92
    PLUS      shift, and go to state 93
    MINUS     shift, and go to state 94
    STAR      shift, and go to state 95
    DIV       shift, and go to state 96
    AND       shift, and go to state 97
    OR        shift, and go to state 98
    DOT       shift, and go to state 99
    LB        shift, and go to state 100

    $default  reduce using rule 39 (Dec)


State 102

   37 DecList: Dec COMMA DecList .

    $default  reduce using rule 37 (DecList)


State 103

   48 Exp: LP Exp RP .

    $default  reduce using rule 48 (Exp)


State 104

   67 Stmt: RETURN error SEMI .

    $default  reduce using rule 67 (Stmt)


State 105

   29 Stmt: RETURN Exp SEMI .

    $default  reduce using rule 29 (Stmt)


State 106

   68 Stmt: IF LP error . RP Stmt
   69     | IF LP error . RP error ELSE Stmt

    RP  shift, and go to state 123


State 107

   30 Stmt: IF LP Exp . RP Stmt
   31     | IF LP Exp . RP Stmt ELSE Stmt
   40 Exp: Exp . ASSIGNOP Exp
   41    | Exp . AND Exp
   42    | Exp . OR Exp
   43    | Exp . RELOP Exp
   44    | Exp . PLUS Exp
   45    | Exp . MINUS Exp
   46    | Exp . STAR Exp
   47    | Exp . DIV Exp
   53    | Exp . LB Exp RB
   54    | Exp . DOT ID

    ASSIGNOP  shift, and go to state 91
    RELOP     shift, and go to state 92
    PLUS      shift, and go to state 93
    MINUS     shift, and go to state 94
    STAR      shift, and go to state 95
    DIV       shift, and go to state 96
    AND       shift, and go to state 97
    OR        shift, and go to state 98
    DOT       shift, and go to state 99
    RP        shift, and go to state 124
    LB        shift, and go to state 100


State 108

   70 Stmt: WHILE LP error . RP Stmt

    RP  shift, and go to state 125


State 109

   32 Stmt: WHILE LP Exp . RP Stmt
   40 Exp: Exp . ASSIGNOP Exp
   41    | Exp . AND Exp
   42    | Exp . OR Exp
   43    | Exp . RELOP Exp
   44    | Exp . PLUS Exp
   45    | Exp . MINUS Exp
   46    | Exp . STAR Exp
   47    | Exp . DIV Exp
   53    | Exp . LB Exp RB
   54    | Exp . DOT ID

    ASSIGNOP  shift, and go to state 91
    RELOP     shift, and go to state 92
    PLUS      shift, and go to state 93
    MINUS     shift, and go to state 94
    STAR      shift, and go to state 95
    DIV       shift, and go to state 96
    AND       shift, and go to state 97
    OR        shift, and go to state 98
    DOT       shift, and go to state 99
    RP        shift, and go to state 126
    LB        shift, and go to state 100


State 110

   52 Exp: ID LP RP .

    $default  reduce using rule 52 (Exp)


State 111

   40 Exp: Exp . ASSIGNOP Exp
   41    | Exp . AND Exp
   42    | Exp . OR Exp
   43    | Exp . RELOP Exp
   44    | Exp . PLUS Exp
   45    | Exp . MINUS Exp
   46    | Exp . STAR Exp
   47    | Exp . DIV Exp
   53    | Exp . LB Exp RB
   54    | Exp . DOT ID
   58 Args: Exp . COMMA Args
   59     | Exp .

    COMMA     shift, and go to state 127
    ASSIGNOP  shift, and go to state 91
    RELOP     shift, and go to state 92
    PLUS      shift, and go to state 93
    MINUS     shift, and go to state 94
    STAR      shift, and go to state 95
    DIV       shift, and go to state 96
    AND       shift, and go to state 97
    OR        shift, and go to state 98
    DOT       shift, and go to state 99
    LB        shift, and go to state 100

    $default  reduce using rule 59 (Args)


State 112

   51 Exp: ID LP Args . RP

    RP  shift, and go to state 128


State 113

   40 Exp: Exp . ASSIGNOP Exp
   40    | Exp ASSIGNOP Exp .
   41    | Exp . AND Exp
   42    | Exp . OR Exp
   43    | Exp . RELOP Exp
   44    | Exp . PLUS Exp
   45    | Exp . MINUS Exp
   46    | Exp . STAR Exp
   47    | Exp . DIV Exp
   53    | Exp . LB Exp RB
   54    | Exp . DOT ID

    ASSIGNOP  shift, and go to state 91
    RELOP     shift, and go to state 92
    PLUS      shift, and go to state 93
    MINUS     shift, and go to state 94
    STAR      shift, and go to state 95
    DIV       shift, and go to state 96
    AND       shift, and go to state 97
    OR        shift, and go to state 98
    DOT       shift, and go to state 99
    LB        shift, and go to state 100

    $default  reduce using rule 40 (Exp)


State 114

   40 Exp: Exp . ASSIGNOP Exp
   41    | Exp . AND Exp
   42    | Exp . OR Exp
   43    | Exp . RELOP Exp
   43    | Exp RELOP Exp .
   44    | Exp . PLUS Exp
   45    | Exp . MINUS Exp
   46    | Exp . STAR Exp
   47    | Exp . DIV Exp
   53    | Exp . LB Exp RB
   54    | Exp . DOT ID

    PLUS   shift, and go to state 93
    MINUS  shift, and go to state 94
    STAR   shift, and go to state 95
    DIV    shift, and go to state 96
    DOT    shift, and go to state 99
    LB     shift, and go to state 100

    $default  reduce using rule 43 (Exp)


State 115

   40 Exp: Exp . ASSIGNOP Exp
   41    | Exp . AND Exp
   42    | Exp . OR Exp
   43    | Exp . RELOP Exp
   44    | Exp . PLUS Exp
   44    | Exp PLUS Exp .
   45    | Exp . MINUS Exp
   46    | Exp . STAR Exp
   47    | Exp . DIV Exp
   53    | Exp . LB Exp RB
   54    | Exp . DOT ID

    STAR  shift, and go to state 95
    DIV   shift, and go to state 96
    DOT   shift, and go to state 99
    LB    shift, and go to state 100

    $default  reduce using rule 44 (Exp)


State 116

   40 Exp: Exp . ASSIGNOP Exp
   41    | Exp . AND Exp
   42    | Exp . OR Exp
   43    | Exp . RELOP Exp
   44    | Exp . PLUS Exp
   45    | Exp . MINUS Exp
   45    | Exp MINUS Exp .
   46    | Exp . STAR Exp
   47    | Exp . DIV Exp
   53    | Exp . LB Exp RB
   54    | Exp . DOT ID

    STAR  shift, and go to state 95
    DIV   shift, and go to state 96
    DOT   shift, and go to state 99
    LB    shift, and go to state 100

    $default  reduce using rule 45 (Exp)


State 117

   40 Exp: Exp . ASSIGNOP Exp
   41    | Exp . AND Exp
   42    | Exp . OR Exp
   43    | Exp . RELOP Exp
   44    | Exp . PLUS Exp
   45    | Exp . MINUS Exp
   46    | Exp . STAR Exp
   46    | Exp STAR Exp .
   47    | Exp . DIV Exp
   53    | Exp . LB Exp RB
   54    | Exp . DOT ID

    DOT  shift, and go to state 99
    LB   shift, and go to state 100

    $default  reduce using rule 46 (Exp)


State 118

   40 Exp: Exp . ASSIGNOP Exp
   41    | Exp . AND Exp
   42    | Exp . OR Exp
   43    | Exp . RELOP Exp
   44    | Exp . PLUS Exp
   45    | Exp . MINUS Exp
   46    | Exp . STAR Exp
   47    | Exp . DIV Exp
   47    | Exp DIV Exp .
   53    | Exp . LB Exp RB
   54    | Exp . DOT ID

    DOT  shift, and go to state 99
    LB   shift, and go to state 100

    $default  reduce using rule 47 (Exp)


State 119

   40 Exp: Exp . ASSIGNOP Exp
   41    | Exp . AND Exp
   41    | Exp AND Exp .
   42    | Exp . OR Exp
   43    | Exp . RELOP Exp
   44    | Exp . PLUS Exp
   45    | Exp . MINUS Exp
   46    | Exp . STAR Exp
   47    | Exp . DIV Exp
   53    | Exp . LB Exp RB
   54    | Exp . DOT ID

    RELOP  shift, and go to state 92
    PLUS   shift, and go to state 93
    MINUS  shift, and go to state 94
    STAR   shift, and go to state 95
    DIV    shift, and go to state 96
    DOT    shift, and go to state 99
    LB     shift, and go to state 100

    $default  reduce using rule 41 (Exp)


State 120

   40 Exp: Exp . ASSIGNOP Exp
   41    | Exp . AND Exp
   42    | Exp . OR Exp
   42    | Exp OR Exp .
   43    | Exp . RELOP Exp
   44    | Exp . PLUS Exp
   45    | Exp . MINUS Exp
   46    | Exp . STAR Exp
   47    | Exp . DIV Exp
   53    | Exp . LB Exp RB
   54    | Exp . DOT ID

    RELOP  shift, and go to state 92
    PLUS   shift, and go to state 93
    MINUS  shift, and go to state 94
    STAR   shift, and go to state 95
    DIV    shift, and go to state 96
    AND    shift, and go to state 97
    DOT    shift, and go to state 99
    LB     shift, and go to state 100

    $default  reduce using rule 42 (Exp)


State 121

   54 Exp: Exp DOT ID .

    $default  reduce using rule 54 (Exp)


State 122

   40 Exp: Exp . ASSIGNOP Exp
   41    | Exp . AND Exp
   42    | Exp . OR Exp
   43    | Exp . RELOP Exp
   44    | Exp . PLUS Exp
   45    | Exp . MINUS Exp
   46    | Exp . STAR Exp
   47    | Exp . DIV Exp
   53    | Exp . LB Exp RB
   53    | Exp LB Exp . RB
   54    | Exp . DOT ID

    ASSIGNOP  shift, and go to state 91
    RELOP     shift, and go to state 92
    PLUS      shift, and go to state 93
    MINUS     shift, and go to state 94
    STAR      shift, and go to state 95
    DIV       shift, and go to state 96
    AND       shift, and go to state 97
    OR        shift, and go to state 98
    DOT       shift, and go to state 99
    LB        shift, and go to state 100
    RB        shift, and go to state 129


State 123

   68 Stmt: IF LP error RP . Stmt
   69     | IF LP error RP . error ELSE Stmt

    error   shift, and go to state 130
    MINUS   shift, and go to state 62
    NOT     shift, and go to state 63
    LP      shift, and go to state 64
    LC      shift, and go to state 32
    RETURN  shift, and go to state 65
    IF      shift, and go to state 66
    WHILE   shift, and go to state 67
    ID      shift, and go to state 68
    INT     shift, and go to state 69
    FLOAT   shift, and go to state 70

    CompSt  go to state 71
    Stmt    go to state 131
    Exp     go to state 74


State 124

   30 Stmt: IF LP Exp RP . Stmt
   31     | IF LP Exp RP . Stmt ELSE Stmt

    error   shift, and go to state 61
    MINUS   shift, and go to state 62
    NOT     shift, and go to state 63
    LP      shift, and go to state 64
    LC      shift, and go to state 32
    RETURN  shift, and go to state 65
    IF      shift, and go to state 66
    WHILE   shift, and go to state 67
    ID      shift, and go to state 68
    INT     shift, and go to state 69
    FLOAT   shift, and go to state 70

    CompSt  go to state 71
    Stmt    go to state 132
    Exp     go to state 74


State 125

   70 Stmt: WHILE LP error RP . Stmt

    error   shift, and go to state 61
    MINUS   shift, and go to state 62
    NOT     shift, and go to state 63
    LP      shift, and go to state 64
    LC      shift, and go to state 32
    RETURN  shift, and go to state 65
    IF      shift, and go to state 66
    WHILE   shift, and go to state 67
    ID      shift, and go to state 68
    INT     shift, and go to state 69
    FLOAT   shift, and go to state 70

    CompSt  go to state 71
    Stmt    go to state 133
    Exp     go to state 74


State 126

   32 Stmt: WHILE LP Exp RP . Stmt

    error   shift, and go to state 61
    MINUS   shift, and go to state 62
    NOT     shift, and go to state 63
    LP      shift, and go to state 64
    LC      shift, and go to state 32
    RETURN  shift, and go to state 65
    IF      shift, and go to state 66
    WHILE   shift, and go to state 67
    ID      shift, and go to state 68
    INT     shift, and go to state 69
    FLOAT   shift, and go to state 70

    CompSt  go to state 71
    Stmt    go to state 134
    Exp     go to state 74


State 127

   58 Args: Exp COMMA . Args

    MINUS  shift, and go to state 62
    NOT    shift, and go to state 63
    LP     shift, and go to state 64
    ID     shift, and go to state 68
    INT    shift, and go to state 69
    FLOAT  shift, and go to state 70

    Exp   go to state 111
    Args  go to state 135


State 128

   51 Exp: ID LP Args RP .

    $default  reduce using rule 51 (Exp)


State 129

   53 Exp: Exp LB Exp RB .

    $default  reduce using rule 53 (Exp)


State 130

   66 Stmt: error . SEMI
   69     | IF LP error RP error . ELSE Stmt

    SEMI  shift, and go to state 79
    ELSE  shift, and go to state 136


State 131

   68 Stmt: IF LP error RP Stmt .

    $default  reduce using rule 68 (Stmt)


State 132

   30 Stmt: IF LP Exp RP Stmt .
   31     | IF LP Exp RP Stmt . ELSE Stmt

    ELSE  shift, and go to state 137

    ELSE      [reduce using rule 30 (Stmt)]
    $default  reduce using rule 30 (Stmt)


State 133

   70 Stmt: WHILE LP error RP Stmt .

    $default  reduce using rule 70 (Stmt)


State 134

   32 Stmt: WHILE LP Exp RP Stmt .

    $default  reduce using rule 32 (Stmt)


State 135

   58 Args: Exp COMMA Args .

    $default  reduce using rule 58 (Args)


State 136

   69 Stmt: IF LP error RP error ELSE . Stmt

    error   shift, and go to state 61
    MINUS   shift, and go to state 62
    NOT     shift, and go to state 63
    LP      shift, and go to state 64
    LC      shift, and go to state 32
    RETURN  shift, and go to state 65
    IF      shift, and go to state 66
    WHILE   shift, and go to state 67
    ID      shift, and go to state 68
    INT     shift, and go to state 69
    FLOAT   shift, and go to state 70

    CompSt  go to state 71
    Stmt    go to state 138
    Exp     go to state 74


State 137

   31 Stmt: IF LP Exp RP Stmt ELSE . Stmt

    error   shift, and go to state 61
    MINUS   shift, and go to state 62
    NOT     shift, and go to state 63
    LP      shift, and go to state 64
    LC      shift, and go to state 32
    RETURN  shift, and go to state 65
    IF      shift, and go to state 66
    WHILE   shift, and go to state 67
    ID      shift, and go to state 68
    INT     shift, and go to state 69
    FLOAT   shift, and go to state 70

    CompSt  go to state 71
    Stmt    go to state 139
    Exp     go to state 74


State 138

   69 Stmt: IF LP error RP error ELSE Stmt .

    $default  reduce using rule 69 (Stmt)


State 139

   31 Stmt: IF LP Exp RP Stmt ELSE Stmt .

    $default  reduce using rule 31 (Stmt)
